{"total": {"lines":{"total":138,"covered":86,"skipped":0,"pct":62.32},"statements":{"total":156,"covered":103,"skipped":0,"pct":66.03},"functions":{"total":63,"covered":29,"skipped":0,"pct":46.03},"branches":{"total":39,"covered":10,"skipped":0,"pct":25.64}}
,"D:\\Проекты\\HYDRA\\UP\\src\\polyfills.ts": {"lines":{"total":0,"covered":0,"skipped":0,"pct":0},"functions":{"total":0,"covered":0,"skipped":0,"pct":0},"statements":{"total":0,"covered":0,"skipped":0,"pct":0},"branches":{"total":0,"covered":0,"skipped":0,"pct":0}}
,"D:\\Проекты\\HYDRA\\UP\\src\\test.ts": {"lines":{"total":3,"covered":3,"skipped":0,"pct":100},"functions":{"total":0,"covered":0,"skipped":0,"pct":100},"statements":{"total":3,"covered":3,"skipped":0,"pct":100},"branches":{"total":0,"covered":0,"skipped":0,"pct":100}}
,"D:\\Проекты\\HYDRA\\UP\\src\\app\\components\\app.component.ts": {"lines":{"total":3,"covered":3,"skipped":0,"pct":100},"functions":{"total":2,"covered":2,"skipped":0,"pct":100},"statements":{"total":4,"covered":4,"skipped":0,"pct":100},"branches":{"total":0,"covered":0,"skipped":0,"pct":100}}
,"D:\\Проекты\\HYDRA\\UP\\src\\app\\modules\\account\\components\\body-account\\body-account.component.ts": {"lines":{"total":3,"covered":3,"skipped":0,"pct":100},"functions":{"total":3,"covered":1,"skipped":0,"pct":33.33},"statements":{"total":4,"covered":4,"skipped":0,"pct":100},"branches":{"total":0,"covered":0,"skipped":0,"pct":100}}
,"D:\\Проекты\\HYDRA\\UP\\src\\app\\modules\\account\\components\\body-questions-base\\body-questions-base.component.ts": {"lines":{"total":3,"covered":3,"skipped":0,"pct":100},"functions":{"total":3,"covered":1,"skipped":0,"pct":33.33},"statements":{"total":4,"covered":4,"skipped":0,"pct":100},"branches":{"total":0,"covered":0,"skipped":0,"pct":100}}
,"D:\\Проекты\\HYDRA\\UP\\src\\app\\modules\\account\\components\\body-test-question-add\\body-test-question-add.component.ts": {"lines":{"total":3,"covered":3,"skipped":0,"pct":100},"functions":{"total":3,"covered":1,"skipped":0,"pct":33.33},"statements":{"total":4,"covered":4,"skipped":0,"pct":100},"branches":{"total":0,"covered":0,"skipped":0,"pct":100}}
,"D:\\Проекты\\HYDRA\\UP\\src\\app\\modules\\account\\components\\card-foto\\card-foto.component.ts": {"lines":{"total":3,"covered":3,"skipped":0,"pct":100},"functions":{"total":3,"covered":1,"skipped":0,"pct":33.33},"statements":{"total":4,"covered":4,"skipped":0,"pct":100},"branches":{"total":0,"covered":0,"skipped":0,"pct":100}}
,"D:\\Проекты\\HYDRA\\UP\\src\\app\\modules\\account\\components\\form-account\\form-account.component.ts": {"lines":{"total":3,"covered":3,"skipped":0,"pct":100},"functions":{"total":3,"covered":1,"skipped":0,"pct":33.33},"statements":{"total":4,"covered":4,"skipped":0,"pct":100},"branches":{"total":0,"covered":0,"skipped":0,"pct":100}}
,"D:\\Проекты\\HYDRA\\UP\\src\\app\\modules\\account\\components\\main\\main.component.ts": {"lines":{"total":3,"covered":3,"skipped":0,"pct":100},"functions":{"total":3,"covered":1,"skipped":0,"pct":33.33},"statements":{"total":4,"covered":4,"skipped":0,"pct":100},"branches":{"total":0,"covered":0,"skipped":0,"pct":100}}
,"D:\\Проекты\\HYDRA\\UP\\src\\app\\modules\\account\\components\\table-test-questions\\table-test-questions.component.ts": {"lines":{"total":5,"covered":3,"skipped":0,"pct":60},"functions":{"total":2,"covered":1,"skipped":0,"pct":50},"statements":{"total":6,"covered":4,"skipped":0,"pct":66.67},"branches":{"total":0,"covered":0,"skipped":0,"pct":100}}
,"D:\\Проекты\\HYDRA\\UP\\src\\app\\modules\\auth\\components\\body-autorization\\body-autorization.component.ts": {"lines":{"total":3,"covered":3,"skipped":0,"pct":100},"functions":{"total":2,"covered":1,"skipped":0,"pct":50},"statements":{"total":4,"covered":4,"skipped":0,"pct":100},"branches":{"total":0,"covered":0,"skipped":0,"pct":100}}
,"D:\\Проекты\\HYDRA\\UP\\src\\app\\modules\\auth\\components\\body-password-recovery\\body-password-recovery.component.ts": {"lines":{"total":3,"covered":3,"skipped":0,"pct":100},"functions":{"total":3,"covered":1,"skipped":0,"pct":33.33},"statements":{"total":4,"covered":4,"skipped":0,"pct":100},"branches":{"total":0,"covered":0,"skipped":0,"pct":100}}
,"D:\\Проекты\\HYDRA\\UP\\src\\app\\modules\\auth\\components\\form-change-password\\form-change-password.component.ts": {"lines":{"total":3,"covered":3,"skipped":0,"pct":100},"functions":{"total":3,"covered":1,"skipped":0,"pct":33.33},"statements":{"total":4,"covered":4,"skipped":0,"pct":100},"branches":{"total":0,"covered":0,"skipped":0,"pct":100}}
,"D:\\Проекты\\HYDRA\\UP\\src\\app\\modules\\auth\\components\\head\\head.component.ts": {"lines":{"total":3,"covered":3,"skipped":0,"pct":100},"functions":{"total":3,"covered":3,"skipped":0,"pct":100},"statements":{"total":4,"covered":4,"skipped":0,"pct":100},"branches":{"total":0,"covered":0,"skipped":0,"pct":100}}
,"D:\\Проекты\\HYDRA\\UP\\src\\app\\modules\\auth\\components\\main\\main.component.ts": {"lines":{"total":3,"covered":3,"skipped":0,"pct":100},"functions":{"total":3,"covered":1,"skipped":0,"pct":33.33},"statements":{"total":4,"covered":4,"skipped":0,"pct":100},"branches":{"total":0,"covered":0,"skipped":0,"pct":100}}
,"D:\\Проекты\\HYDRA\\UP\\src\\app\\modules\\shared\\services\\date\\date.service.ts": {"lines":{"total":35,"covered":27,"skipped":0,"pct":77.14},"functions":{"total":12,"covered":10,"skipped":0,"pct":83.33},"statements":{"total":38,"covered":29,"skipped":0,"pct":76.32},"branches":{"total":18,"covered":10,"skipped":0,"pct":55.56}}
,"D:\\Проекты\\HYDRA\\UP\\src\\app\\modules\\shared\\services\\form\\form.service.ts": {"lines":{"total":31,"covered":6,"skipped":0,"pct":19.35},"functions":{"total":7,"covered":1,"skipped":0,"pct":14.29},"statements":{"total":32,"covered":7,"skipped":0,"pct":21.88},"branches":{"total":11,"covered":0,"skipped":0,"pct":0}}
,"D:\\Проекты\\HYDRA\\UP\\src\\app\\modules\\shared\\services\\request\\request.service.ts": {"lines":{"total":27,"covered":10,"skipped":0,"pct":37.04},"functions":{"total":8,"covered":2,"skipped":0,"pct":25},"statements":{"total":28,"covered":11,"skipped":0,"pct":39.29},"branches":{"total":10,"covered":0,"skipped":0,"pct":0}}
,"D:\\Проекты\\HYDRA\\UP\\src\\environments\\environment.ts": {"lines":{"total":1,"covered":1,"skipped":0,"pct":100},"functions":{"total":0,"covered":0,"skipped":0,"pct":100},"statements":{"total":1,"covered":1,"skipped":0,"pct":100},"branches":{"total":0,"covered":0,"skipped":0,"pct":100}}
}
