TN:
SF:D:\Проекты\HYDRA\UP\src\polyfills.ts
FNF:0
FNH:0
LF:0
LH:0
BRF:0
BRH:0
end_of_record
TN:
SF:D:\Проекты\HYDRA\UP\src\test.ts
FNF:0
FNH:0
DA:13,1
DA:18,1
DA:20,1
LF:3
LH:3
BRF:0
BRH:0
end_of_record
TN:
SF:D:\Проекты\HYDRA\UP\src\app\components\app.component.ts
FN:8,(anonymous_1)
FN:3,AppComponent
FNF:2
FNH:2
FNDA:1,(anonymous_1)
FNDA:3,AppComponent
DA:8,1
DA:9,3
DA:10,1
LF:3
LH:3
BRF:0
BRH:0
end_of_record
TN:
SF:D:\Проекты\HYDRA\UP\src\app\modules\account\components\body-account\body-account.component.ts
FN:8,(anonymous_2)
FN:10,BodyAccountComponent
FN:12,(anonymous_4)
FNF:3
FNH:1
FNDA:1,(anonymous_2)
FNDA:0,BodyAccountComponent
FNDA:0,(anonymous_4)
DA:8,1
DA:12,1
DA:15,1
LF:3
LH:3
BRF:0
BRH:0
end_of_record
TN:
SF:D:\Проекты\HYDRA\UP\src\app\modules\account\components\body-questions-base\body-questions-base.component.ts
FN:8,(anonymous_2)
FN:10,BodyQuestionsBaseComponent
FN:12,(anonymous_4)
FNF:3
FNH:1
FNDA:1,(anonymous_2)
FNDA:0,BodyQuestionsBaseComponent
FNDA:0,(anonymous_4)
DA:8,1
DA:12,1
DA:15,1
LF:3
LH:3
BRF:0
BRH:0
end_of_record
TN:
SF:D:\Проекты\HYDRA\UP\src\app\modules\account\components\body-test-question-add\body-test-question-add.component.ts
FN:8,(anonymous_2)
FN:10,BodyTestQuestionAddComponent
FN:12,(anonymous_4)
FNF:3
FNH:1
FNDA:1,(anonymous_2)
FNDA:0,BodyTestQuestionAddComponent
FNDA:0,(anonymous_4)
DA:8,1
DA:12,1
DA:15,1
LF:3
LH:3
BRF:0
BRH:0
end_of_record
TN:
SF:D:\Проекты\HYDRA\UP\src\app\modules\account\components\card-foto\card-foto.component.ts
FN:8,(anonymous_2)
FN:10,CardFotoComponent
FN:12,(anonymous_4)
FNF:3
FNH:1
FNDA:1,(anonymous_2)
FNDA:0,CardFotoComponent
FNDA:0,(anonymous_4)
DA:8,1
DA:12,1
DA:15,1
LF:3
LH:3
BRF:0
BRH:0
end_of_record
TN:
SF:D:\Проекты\HYDRA\UP\src\app\modules\account\components\form-account\form-account.component.ts
FN:8,(anonymous_2)
FN:10,FormAccountComponent
FN:12,(anonymous_4)
FNF:3
FNH:1
FNDA:1,(anonymous_2)
FNDA:0,FormAccountComponent
FNDA:0,(anonymous_4)
DA:8,1
DA:12,1
DA:15,1
LF:3
LH:3
BRF:0
BRH:0
end_of_record
TN:
SF:D:\Проекты\HYDRA\UP\src\app\modules\account\components\main\main.component.ts
FN:8,(anonymous_2)
FN:10,MainComponent
FN:12,(anonymous_4)
FNF:3
FNH:1
FNDA:1,(anonymous_2)
FNDA:0,MainComponent
FNDA:0,(anonymous_4)
DA:8,1
DA:12,1
DA:14,1
LF:3
LH:3
BRF:0
BRH:0
end_of_record
TN:
SF:D:\Проекты\HYDRA\UP\src\app\modules\account\components\table-test-questions\table-test-questions.component.ts
FN:8,(anonymous_1)
FN:3,TableTestQuestionsComponent
FNF:2
FNH:1
FNDA:1,(anonymous_1)
FNDA:0,TableTestQuestionsComponent
DA:8,1
DA:9,0
DA:10,0
DA:11,1
DA:20,1
LF:5
LH:3
BRF:0
BRH:0
end_of_record
TN:
SF:D:\Проекты\HYDRA\UP\src\app\modules\auth\components\body-autorization\body-autorization.component.ts
FN:9,(anonymous_2)
FN:18,(anonymous_4)
FNF:2
FNH:1
FNDA:1,(anonymous_2)
FNDA:0,(anonymous_4)
DA:9,1
DA:18,1
DA:25,1
LF:3
LH:3
BRF:0
BRH:0
end_of_record
TN:
SF:D:\Проекты\HYDRA\UP\src\app\modules\auth\components\body-password-recovery\body-password-recovery.component.ts
FN:8,(anonymous_2)
FN:10,BodyPasswordRecoveryComponent
FN:12,(anonymous_4)
FNF:3
FNH:1
FNDA:1,(anonymous_2)
FNDA:0,BodyPasswordRecoveryComponent
FNDA:0,(anonymous_4)
DA:8,1
DA:12,1
DA:15,1
LF:3
LH:3
BRF:0
BRH:0
end_of_record
TN:
SF:D:\Проекты\HYDRA\UP\src\app\modules\auth\components\form-change-password\form-change-password.component.ts
FN:8,(anonymous_2)
FN:10,FormChangePasswordComponent
FN:12,(anonymous_4)
FNF:3
FNH:1
FNDA:1,(anonymous_2)
FNDA:0,FormChangePasswordComponent
FNDA:0,(anonymous_4)
DA:8,1
DA:12,1
DA:15,1
LF:3
LH:3
BRF:0
BRH:0
end_of_record
TN:
SF:D:\Проекты\HYDRA\UP\src\app\modules\auth\components\head\head.component.ts
FN:8,(anonymous_2)
FN:10,HeadComponent
FN:12,(anonymous_4)
FNF:3
FNH:3
FNDA:1,(anonymous_2)
FNDA:1,HeadComponent
FNDA:1,(anonymous_4)
DA:8,1
DA:12,1
DA:15,1
LF:3
LH:3
BRF:0
BRH:0
end_of_record
TN:
SF:D:\Проекты\HYDRA\UP\src\app\modules\auth\components\main\main.component.ts
FN:8,(anonymous_2)
FN:10,MainComponent
FN:12,(anonymous_4)
FNF:3
FNH:1
FNDA:1,(anonymous_2)
FNDA:0,MainComponent
FNDA:0,(anonymous_4)
DA:8,1
DA:12,1
DA:14,1
LF:3
LH:3
BRF:0
BRH:0
end_of_record
TN:
SF:D:\Проекты\HYDRA\UP\src\app\modules\shared\services\date\date.service.ts
FN:11,(anonymous_2)
FN:18,DateService
FN:33,(anonymous_4)
FN:51,(anonymous_5)
FN:60,(anonymous_6)
FN:70,(anonymous_7)
FN:82,(anonymous_8)
FN:92,(anonymous_9)
FN:102,(anonymous_10)
FN:112,(anonymous_11)
FN:124,(anonymous_12)
FN:148,(anonymous_13)
FNF:12
FNH:10
FNDA:1,(anonymous_2)
FNDA:11,DateService
FNDA:0,(anonymous_4)
FNDA:5,(anonymous_5)
FNDA:3,(anonymous_6)
FNDA:4,(anonymous_7)
FNDA:1,(anonymous_8)
FNDA:1,(anonymous_9)
FNDA:1,(anonymous_10)
FNDA:1,(anonymous_11)
FNDA:0,(anonymous_12)
FNDA:3,(anonymous_13)
DA:11,1
DA:19,11
DA:33,1
DA:34,0
DA:35,0
DA:38,0
DA:51,9
DA:52,5
DA:60,1
DA:61,3
DA:70,1
DA:71,4
DA:72,2
DA:75,2
DA:82,1
DA:83,1
DA:85,1
DA:92,1
DA:93,1
DA:95,1
DA:102,1
DA:103,1
DA:105,1
DA:112,1
DA:113,1
DA:115,1
DA:124,1
DA:125,0
DA:126,0
DA:128,0
DA:134,0
DA:136,0
DA:148,1
DA:149,3
DA:151,1
LF:35
LH:27
BRDA:33,0,0,0
BRDA:33,0,1,0
BRDA:34,1,0,0
BRDA:34,1,1,0
BRDA:51,2,0,4
BRDA:51,2,1,1
BRDA:52,3,0,3
BRDA:52,3,1,2
BRDA:61,4,0,1
BRDA:61,4,1,2
BRDA:71,5,0,2
BRDA:71,5,1,2
BRDA:125,6,0,0
BRDA:125,6,1,0
BRDA:125,7,0,0
BRDA:125,7,1,0
BRDA:149,8,0,1
BRDA:149,8,1,2
BRF:18
BRH:10
end_of_record
TN:
SF:D:\Проекты\HYDRA\UP\src\app\modules\shared\services\form\form.service.ts
FN:8,(anonymous_2)
FN:39,FormService
FN:52,(anonymous_4)
FN:69,(anonymous_5)
FN:74,(anonymous_6)
FN:90,(anonymous_7)
FN:99,(anonymous_8)
FNF:7
FNH:1
FNDA:1,(anonymous_2)
FNDA:0,FormService
FNDA:0,(anonymous_4)
FNDA:0,(anonymous_5)
FNDA:0,(anonymous_6)
FNDA:0,(anonymous_7)
FNDA:0,(anonymous_8)
DA:8,1
DA:37,0
DA:40,0
DA:41,0
DA:42,0
DA:43,0
DA:44,0
DA:52,1
DA:53,0
DA:54,0
DA:55,0
DA:56,0
DA:57,0
DA:58,0
DA:61,0
DA:69,1
DA:70,0
DA:71,0
DA:73,0
DA:74,0
DA:77,0
DA:79,0
DA:90,1
DA:91,0
DA:99,1
DA:100,0
DA:101,0
DA:102,0
DA:103,0
DA:105,0
DA:109,1
LF:31
LH:6
BRDA:56,0,0,0
BRDA:56,0,1,0
BRDA:56,0,2,0
BRDA:57,1,0,0
BRDA:57,1,1,0
BRDA:70,2,0,0
BRDA:70,2,1,0
BRDA:91,3,0,0
BRDA:91,3,1,0
BRDA:102,4,0,0
BRDA:102,4,1,0
BRF:11
BRH:0
end_of_record
TN:
SF:D:\Проекты\HYDRA\UP\src\app\modules\shared\services\request\request.service.ts
FN:14,(anonymous_2)
FN:21,RequestService
FN:67,(anonymous_4)
FN:82,(anonymous_5)
FN:85,(anonymous_6)
FN:98,(anonymous_7)
FN:115,(anonymous_8)
FN:128,(anonymous_9)
FNF:8
FNH:2
FNDA:1,(anonymous_2)
FNDA:1,RequestService
FNDA:0,(anonymous_4)
FNDA:0,(anonymous_5)
FNDA:0,(anonymous_6)
FNDA:0,(anonymous_7)
FNDA:0,(anonymous_8)
FNDA:0,(anonymous_9)
DA:14,1
DA:22,1
DA:23,1
DA:25,1
DA:67,1
DA:68,0
DA:69,0
DA:82,1
DA:83,0
DA:86,0
DA:88,0
DA:98,1
DA:99,0
DA:100,0
DA:101,0
DA:102,0
DA:103,0
DA:104,0
DA:108,0
DA:115,1
DA:116,0
DA:117,0
DA:118,0
DA:120,0
DA:128,1
DA:129,0
DA:132,1
LF:27
LH:10
BRDA:68,0,0,0
BRDA:68,0,1,0
BRDA:69,1,0,0
BRDA:69,1,1,0
BRDA:102,2,0,0
BRDA:102,2,1,0
BRDA:103,3,0,0
BRDA:103,3,1,0
BRDA:129,4,0,0
BRDA:129,4,1,0
BRF:10
BRH:0
end_of_record
TN:
SF:D:\Проекты\HYDRA\UP\src\environments\environment.ts
FNF:0
FNH:0
DA:1,1
LF:1
LH:1
BRF:0
BRH:0
end_of_record
